四月 28, 2021 7:44:11 下午 io.github.yedaxia.apidocs.LogUtils info
信息: info: find java src paths:  [/Users/mc/WorkProject/pcb-online-v2/src/main/java/]
四月 28, 2021 7:44:11 下午 io.github.yedaxia.apidocs.LogUtils info
信息: info: project type not set, try to figure out...
四月 28, 2021 7:44:11 下午 io.github.yedaxia.apidocs.LogUtils info
信息: info: start find controllers in path : /Users/mc/WorkProject/pcb-online-v2/src/main/java/
四月 28, 2021 7:44:13 下午 io.github.yedaxia.apidocs.LogUtils info
信息: info: find controller file : OrderController.java
四月 28, 2021 7:44:13 下午 io.github.yedaxia.apidocs.LogUtils info
信息: info: find controller file : ArticleHelpController.java
四月 28, 2021 7:44:13 下午 io.github.yedaxia.apidocs.LogUtils info
信息: info: find controller file : GraphsStatController.java
四月 28, 2021 7:44:13 下午 io.github.yedaxia.apidocs.LogUtils info
信息: info: find controller file : MessageController.java
四月 28, 2021 7:44:13 下午 io.github.yedaxia.apidocs.LogUtils info
信息: info: find controller file : AuthController.java
四月 28, 2021 7:44:13 下午 io.github.yedaxia.apidocs.LogUtils info
信息: info: find controller file : CouponController.java
四月 28, 2021 7:44:13 下午 io.github.yedaxia.apidocs.LogUtils info
信息: info: find controller file : ProductionLogController.java
四月 28, 2021 7:44:13 下午 io.github.yedaxia.apidocs.LogUtils info
信息: info: find controller file : FileController.java
四月 28, 2021 7:44:13 下午 io.github.yedaxia.apidocs.LogUtils info
信息: info: find controller file : CountryController.java
四月 28, 2021 7:44:13 下午 io.github.yedaxia.apidocs.LogUtils info
信息: info: find controller file : QuoteController.java
四月 28, 2021 7:44:13 下午 io.github.yedaxia.apidocs.LogUtils info
信息: info: find controller file : ReceiverAddersController.java
四月 28, 2021 7:44:13 下午 io.github.yedaxia.apidocs.LogUtils info
信息: info: find controller file : UserController.java
四月 28, 2021 7:44:13 下午 io.github.yedaxia.apidocs.LogUtils info
信息: info: find controller file : BusinessUserController.java
四月 28, 2021 7:44:13 下午 io.github.yedaxia.apidocs.LogUtils info
信息: info: start to parse controller file : OrderController.java
四月 28, 2021 7:44:13 下午 io.github.yedaxia.apidocs.LogUtils info
信息: info: we think T should not be an enum type
四月 28, 2021 7:44:13 下午 io.github.yedaxia.apidocs.LogUtils warn
警告: warning!! Cannot find java file , in java file : /Users/mc/WorkProject/pcb-online-v2/src/main/java/com/jugu/www/pcbonlinev2/domain/common/ResponseResult.java, className : T, we cannot found more information of it, you've better to make it a JavaBean
四月 28, 2021 7:44:13 下午 io.github.yedaxia.apidocs.LogUtils info
信息: info: we think T should not be an enum type
四月 28, 2021 7:44:13 下午 io.github.yedaxia.apidocs.LogUtils warn
警告: warning!! Cannot find java file , in java file : /Users/mc/WorkProject/pcb-online-v2/src/main/java/com/jugu/www/pcbonlinev2/domain/common/ResponseResult.java, className : T, we cannot found more information of it, you've better to make it a JavaBean
四月 28, 2021 7:44:13 下午 io.github.yedaxia.apidocs.LogUtils info
信息: info: we think T should not be an enum type
四月 28, 2021 7:44:13 下午 io.github.yedaxia.apidocs.LogUtils warn
警告: warning!! Cannot find java file , in java file : /Users/mc/WorkProject/pcb-online-v2/src/main/java/com/jugu/www/pcbonlinev2/domain/common/ResponseResult.java, className : T, we cannot found more information of it, you've better to make it a JavaBean
四月 28, 2021 7:44:13 下午 io.github.yedaxia.apidocs.LogUtils info
信息: info: we think T should not be an enum type
四月 28, 2021 7:44:13 下午 io.github.yedaxia.apidocs.LogUtils warn
警告: warning!! Cannot find java file , in java file : /Users/mc/WorkProject/pcb-online-v2/src/main/java/com/jugu/www/pcbonlinev2/domain/common/ResponseResult.java, className : T, we cannot found more information of it, you've better to make it a JavaBean
四月 28, 2021 7:44:13 下午 io.github.yedaxia.apidocs.LogUtils info
信息: info: success to parse controller file : OrderController.java
四月 28, 2021 7:44:13 下午 io.github.yedaxia.apidocs.LogUtils info
信息: info: start to parse controller file : ArticleHelpController.java
四月 28, 2021 7:44:14 下午 io.github.yedaxia.apidocs.LogUtils info
信息: info: we think T should not be an enum type
四月 28, 2021 7:44:14 下午 io.github.yedaxia.apidocs.LogUtils warn
警告: warning!! Cannot find java file , in java file : /Users/mc/WorkProject/pcb-online-v2/src/main/java/com/jugu/www/pcbonlinev2/domain/common/PageResult.java, className : T, we cannot found more information of it, you've better to make it a JavaBean
四月 28, 2021 7:44:14 下午 io.github.yedaxia.apidocs.LogUtils info
信息: info: success to parse controller file : ArticleHelpController.java
四月 28, 2021 7:44:14 下午 io.github.yedaxia.apidocs.LogUtils info
信息: info: start to parse controller file : GraphsStatController.java
四月 28, 2021 7:44:14 下午 io.github.yedaxia.apidocs.LogUtils info
信息: info: success to parse controller file : GraphsStatController.java
四月 28, 2021 7:44:14 下午 io.github.yedaxia.apidocs.LogUtils info
信息: info: start to parse controller file : MessageController.java
四月 28, 2021 7:44:14 下午 io.github.yedaxia.apidocs.LogUtils info
信息: info: we think T should not be an enum type
四月 28, 2021 7:44:14 下午 io.github.yedaxia.apidocs.LogUtils warn
警告: warning!! Cannot find java file , in java file : /Users/mc/WorkProject/pcb-online-v2/src/main/java/com/jugu/www/pcbonlinev2/domain/common/ResponseResult.java, className : T, we cannot found more information of it, you've better to make it a JavaBean
四月 28, 2021 7:44:14 下午 io.github.yedaxia.apidocs.LogUtils info
信息: info: we think T should not be an enum type
四月 28, 2021 7:44:14 下午 io.github.yedaxia.apidocs.LogUtils warn
警告: warning!! Cannot find java file , in java file : /Users/mc/WorkProject/pcb-online-v2/src/main/java/com/jugu/www/pcbonlinev2/domain/common/ResponseResult.java, className : T, we cannot found more information of it, you've better to make it a JavaBean
四月 28, 2021 7:44:14 下午 io.github.yedaxia.apidocs.LogUtils info
信息: info: success to parse controller file : MessageController.java
四月 28, 2021 7:44:14 下午 io.github.yedaxia.apidocs.LogUtils info
信息: info: start to parse controller file : AuthController.java
四月 28, 2021 7:44:14 下午 io.github.yedaxia.apidocs.LogUtils info
信息: info: we think T should not be an enum type
四月 28, 2021 7:44:14 下午 io.github.yedaxia.apidocs.LogUtils warn
警告: warning!! Cannot find java file , in java file : /Users/mc/WorkProject/pcb-online-v2/src/main/java/com/jugu/www/pcbonlinev2/domain/common/ResponseResult.java, className : T, we cannot found more information of it, you've better to make it a JavaBean
四月 28, 2021 7:44:14 下午 io.github.yedaxia.apidocs.LogUtils info
信息: info: we think T should not be an enum type
四月 28, 2021 7:44:14 下午 io.github.yedaxia.apidocs.LogUtils warn
警告: warning!! Cannot find java file , in java file : /Users/mc/WorkProject/pcb-online-v2/src/main/java/com/jugu/www/pcbonlinev2/domain/common/ResponseResult.java, className : T, we cannot found more information of it, you've better to make it a JavaBean
四月 28, 2021 7:44:14 下午 io.github.yedaxia.apidocs.LogUtils info
信息: info: we think T should not be an enum type
四月 28, 2021 7:44:14 下午 io.github.yedaxia.apidocs.LogUtils warn
警告: warning!! Cannot find java file , in java file : /Users/mc/WorkProject/pcb-online-v2/src/main/java/com/jugu/www/pcbonlinev2/domain/common/ResponseResult.java, className : T, we cannot found more information of it, you've better to make it a JavaBean
四月 28, 2021 7:44:14 下午 io.github.yedaxia.apidocs.LogUtils info
信息: info: we think T should not be an enum type
四月 28, 2021 7:44:14 下午 io.github.yedaxia.apidocs.LogUtils warn
警告: warning!! Cannot find java file , in java file : /Users/mc/WorkProject/pcb-online-v2/src/main/java/com/jugu/www/pcbonlinev2/domain/common/ResponseResult.java, className : T, we cannot found more information of it, you've better to make it a JavaBean
四月 28, 2021 7:44:14 下午 io.github.yedaxia.apidocs.LogUtils info
信息: info: we think T should not be an enum type
四月 28, 2021 7:44:14 下午 io.github.yedaxia.apidocs.LogUtils warn
警告: warning!! Cannot find java file , in java file : /Users/mc/WorkProject/pcb-online-v2/src/main/java/com/jugu/www/pcbonlinev2/domain/common/ResponseResult.java, className : T, we cannot found more information of it, you've better to make it a JavaBean
四月 28, 2021 7:44:15 下午 io.github.yedaxia.apidocs.LogUtils info
信息: info: we think T should not be an enum type
四月 28, 2021 7:44:15 下午 io.github.yedaxia.apidocs.LogUtils warn
警告: warning!! Cannot find java file , in java file : /Users/mc/WorkProject/pcb-online-v2/src/main/java/com/jugu/www/pcbonlinev2/domain/common/ResponseResult.java, className : T, we cannot found more information of it, you've better to make it a JavaBean
四月 28, 2021 7:44:15 下午 io.github.yedaxia.apidocs.LogUtils info
信息: info: we think T should not be an enum type
四月 28, 2021 7:44:15 下午 io.github.yedaxia.apidocs.LogUtils warn
警告: warning!! Cannot find java file , in java file : /Users/mc/WorkProject/pcb-online-v2/src/main/java/com/jugu/www/pcbonlinev2/domain/common/ResponseResult.java, className : T, we cannot found more information of it, you've better to make it a JavaBean
四月 28, 2021 7:44:15 下午 io.github.yedaxia.apidocs.LogUtils info
信息: info: we think T should not be an enum type
四月 28, 2021 7:44:15 下午 io.github.yedaxia.apidocs.LogUtils warn
警告: warning!! Cannot find java file , in java file : /Users/mc/WorkProject/pcb-online-v2/src/main/java/com/jugu/www/pcbonlinev2/domain/common/ResponseResult.java, className : T, we cannot found more information of it, you've better to make it a JavaBean
四月 28, 2021 7:44:15 下午 io.github.yedaxia.apidocs.LogUtils info
信息: info: success to parse controller file : AuthController.java
四月 28, 2021 7:44:15 下午 io.github.yedaxia.apidocs.LogUtils info
信息: info: start to parse controller file : CouponController.java
四月 28, 2021 7:44:15 下午 io.github.yedaxia.apidocs.LogUtils info
信息: info: we think T should not be an enum type
四月 28, 2021 7:44:15 下午 io.github.yedaxia.apidocs.LogUtils warn
警告: warning!! Cannot find java file , in java file : /Users/mc/WorkProject/pcb-online-v2/src/main/java/com/jugu/www/pcbonlinev2/domain/common/ResponseResult.java, className : T, we cannot found more information of it, you've better to make it a JavaBean
四月 28, 2021 7:44:15 下午 io.github.yedaxia.apidocs.LogUtils info
信息: info: we think T should not be an enum type
四月 28, 2021 7:44:15 下午 io.github.yedaxia.apidocs.LogUtils warn
警告: warning!! Cannot find java file , in java file : /Users/mc/WorkProject/pcb-online-v2/src/main/java/com/jugu/www/pcbonlinev2/domain/common/ResponseResult.java, className : T, we cannot found more information of it, you've better to make it a JavaBean
四月 28, 2021 7:44:15 下午 io.github.yedaxia.apidocs.LogUtils info
信息: info: we think T should not be an enum type
四月 28, 2021 7:44:15 下午 io.github.yedaxia.apidocs.LogUtils warn
警告: warning!! Cannot find java file , in java file : /Users/mc/WorkProject/pcb-online-v2/src/main/java/com/jugu/www/pcbonlinev2/domain/common/ResponseResult.java, className : T, we cannot found more information of it, you've better to make it a JavaBean
四月 28, 2021 7:44:15 下午 io.github.yedaxia.apidocs.LogUtils info
信息: info: success to parse controller file : CouponController.java
四月 28, 2021 7:44:15 下午 io.github.yedaxia.apidocs.LogUtils info
信息: info: start to parse controller file : ProductionLogController.java
四月 28, 2021 7:44:15 下午 io.github.yedaxia.apidocs.LogUtils info
信息: info: we think T should not be an enum type
四月 28, 2021 7:44:15 下午 io.github.yedaxia.apidocs.LogUtils warn
警告: warning!! Cannot find java file , in java file : /Users/mc/WorkProject/pcb-online-v2/src/main/java/com/jugu/www/pcbonlinev2/domain/common/ResponseResult.java, className : T, we cannot found more information of it, you've better to make it a JavaBean
四月 28, 2021 7:44:15 下午 io.github.yedaxia.apidocs.LogUtils info
信息: info: success to parse controller file : ProductionLogController.java
四月 28, 2021 7:44:15 下午 io.github.yedaxia.apidocs.LogUtils info
信息: info: start to parse controller file : FileController.java
四月 28, 2021 7:44:15 下午 io.github.yedaxia.apidocs.LogUtils info
信息: info: we think T should not be an enum type
四月 28, 2021 7:44:15 下午 io.github.yedaxia.apidocs.LogUtils warn
警告: warning!! Cannot find java file , in java file : /Users/mc/WorkProject/pcb-online-v2/src/main/java/com/jugu/www/pcbonlinev2/domain/common/ResponseResult.java, className : T, we cannot found more information of it, you've better to make it a JavaBean
四月 28, 2021 7:44:15 下午 io.github.yedaxia.apidocs.LogUtils info
信息: info: we think T should not be an enum type
四月 28, 2021 7:44:15 下午 io.github.yedaxia.apidocs.LogUtils warn
警告: warning!! Cannot find java file , in java file : /Users/mc/WorkProject/pcb-online-v2/src/main/java/com/jugu/www/pcbonlinev2/domain/common/ResponseResult.java, className : T, we cannot found more information of it, you've better to make it a JavaBean
四月 28, 2021 7:44:15 下午 io.github.yedaxia.apidocs.LogUtils info
信息: info: success to parse controller file : FileController.java
四月 28, 2021 7:44:15 下午 io.github.yedaxia.apidocs.LogUtils info
信息: info: start to parse controller file : CountryController.java
四月 28, 2021 7:44:15 下午 io.github.yedaxia.apidocs.LogUtils info
信息: info: success to parse controller file : CountryController.java
四月 28, 2021 7:44:15 下午 io.github.yedaxia.apidocs.LogUtils info
信息: info: start to parse controller file : QuoteController.java
四月 28, 2021 7:44:15 下午 io.github.yedaxia.apidocs.LogUtils info
信息: info: we think T should not be an enum type
四月 28, 2021 7:44:15 下午 io.github.yedaxia.apidocs.LogUtils warn
警告: warning!! Cannot find java file , in java file : /Users/mc/WorkProject/pcb-online-v2/src/main/java/com/jugu/www/pcbonlinev2/domain/common/ResponseResult.java, className : T, we cannot found more information of it, you've better to make it a JavaBean
四月 28, 2021 7:44:15 下午 io.github.yedaxia.apidocs.LogUtils info
信息: info: we think T should not be an enum type
四月 28, 2021 7:44:15 下午 io.github.yedaxia.apidocs.LogUtils warn
警告: warning!! Cannot find java file , in java file : /Users/mc/WorkProject/pcb-online-v2/src/main/java/com/jugu/www/pcbonlinev2/domain/common/ResponseResult.java, className : T, we cannot found more information of it, you've better to make it a JavaBean
四月 28, 2021 7:44:15 下午 io.github.yedaxia.apidocs.LogUtils info
信息: info: we think T should not be an enum type
四月 28, 2021 7:44:15 下午 io.github.yedaxia.apidocs.LogUtils warn
警告: warning!! Cannot find java file , in java file : /Users/mc/WorkProject/pcb-online-v2/src/main/java/com/jugu/www/pcbonlinev2/domain/common/ResponseResult.java, className : T, we cannot found more information of it, you've better to make it a JavaBean
四月 28, 2021 7:44:15 下午 io.github.yedaxia.apidocs.LogUtils info
信息: info: we think T should not be an enum type
四月 28, 2021 7:44:15 下午 io.github.yedaxia.apidocs.LogUtils warn
警告: warning!! Cannot find java file , in java file : /Users/mc/WorkProject/pcb-online-v2/src/main/java/com/jugu/www/pcbonlinev2/domain/common/PageResult.java, className : T, we cannot found more information of it, you've better to make it a JavaBean
四月 28, 2021 7:44:15 下午 io.github.yedaxia.apidocs.LogUtils info
信息: info: success to parse controller file : QuoteController.java
四月 28, 2021 7:44:15 下午 io.github.yedaxia.apidocs.LogUtils info
信息: info: start to parse controller file : ReceiverAddersController.java
四月 28, 2021 7:44:15 下午 io.github.yedaxia.apidocs.LogUtils info
信息: info: we think T should not be an enum type
四月 28, 2021 7:44:15 下午 io.github.yedaxia.apidocs.LogUtils warn
警告: warning!! Cannot find java file , in java file : /Users/mc/WorkProject/pcb-online-v2/src/main/java/com/jugu/www/pcbonlinev2/domain/common/ResponseResult.java, className : T, we cannot found more information of it, you've better to make it a JavaBean
四月 28, 2021 7:44:16 下午 io.github.yedaxia.apidocs.LogUtils info
信息: info: we think T should not be an enum type
四月 28, 2021 7:44:16 下午 io.github.yedaxia.apidocs.LogUtils warn
警告: warning!! Cannot find java file , in java file : /Users/mc/WorkProject/pcb-online-v2/src/main/java/com/jugu/www/pcbonlinev2/domain/common/ResponseResult.java, className : T, we cannot found more information of it, you've better to make it a JavaBean
四月 28, 2021 7:44:16 下午 io.github.yedaxia.apidocs.LogUtils info
信息: info: we think T should not be an enum type
四月 28, 2021 7:44:16 下午 io.github.yedaxia.apidocs.LogUtils warn
警告: warning!! Cannot find java file , in java file : /Users/mc/WorkProject/pcb-online-v2/src/main/java/com/jugu/www/pcbonlinev2/domain/common/ResponseResult.java, className : T, we cannot found more information of it, you've better to make it a JavaBean
四月 28, 2021 7:44:16 下午 io.github.yedaxia.apidocs.LogUtils info
信息: info: we think T should not be an enum type
四月 28, 2021 7:44:16 下午 io.github.yedaxia.apidocs.LogUtils warn
警告: warning!! Cannot find java file , in java file : /Users/mc/WorkProject/pcb-online-v2/src/main/java/com/jugu/www/pcbonlinev2/domain/common/PageResult.java, className : T, we cannot found more information of it, you've better to make it a JavaBean
四月 28, 2021 7:44:16 下午 io.github.yedaxia.apidocs.LogUtils info
信息: info: we think T should not be an enum type
四月 28, 2021 7:44:16 下午 io.github.yedaxia.apidocs.LogUtils warn
警告: warning!! Cannot find java file , in java file : /Users/mc/WorkProject/pcb-online-v2/src/main/java/com/jugu/www/pcbonlinev2/domain/common/ResponseResult.java, className : T, we cannot found more information of it, you've better to make it a JavaBean
四月 28, 2021 7:44:16 下午 io.github.yedaxia.apidocs.LogUtils info
信息: info: success to parse controller file : ReceiverAddersController.java
四月 28, 2021 7:44:16 下午 io.github.yedaxia.apidocs.LogUtils info
信息: info: start to parse controller file : UserController.java
四月 28, 2021 7:44:16 下午 io.github.yedaxia.apidocs.LogUtils info
信息: info: we think T should not be an enum type
四月 28, 2021 7:44:16 下午 io.github.yedaxia.apidocs.LogUtils warn
警告: warning!! Cannot find java file , in java file : /Users/mc/WorkProject/pcb-online-v2/src/main/java/com/jugu/www/pcbonlinev2/domain/common/PageResult.java, className : T, we cannot found more information of it, you've better to make it a JavaBean
四月 28, 2021 7:44:16 下午 io.github.yedaxia.apidocs.LogUtils info
信息: info: we think T should not be an enum type
四月 28, 2021 7:44:16 下午 io.github.yedaxia.apidocs.LogUtils warn
警告: warning!! Cannot find java file , in java file : /Users/mc/WorkProject/pcb-online-v2/src/main/java/com/jugu/www/pcbonlinev2/domain/common/ResponseResult.java, className : T, we cannot found more information of it, you've better to make it a JavaBean
四月 28, 2021 7:44:16 下午 io.github.yedaxia.apidocs.LogUtils info
信息: info: we think T should not be an enum type
四月 28, 2021 7:44:16 下午 io.github.yedaxia.apidocs.LogUtils warn
警告: warning!! Cannot find java file , in java file : /Users/mc/WorkProject/pcb-online-v2/src/main/java/com/jugu/www/pcbonlinev2/domain/common/ResponseResult.java, className : T, we cannot found more information of it, you've better to make it a JavaBean
四月 28, 2021 7:44:16 下午 io.github.yedaxia.apidocs.LogUtils info
信息: info: we think T should not be an enum type
四月 28, 2021 7:44:16 下午 io.github.yedaxia.apidocs.LogUtils warn
警告: warning!! Cannot find java file , in java file : /Users/mc/WorkProject/pcb-online-v2/src/main/java/com/jugu/www/pcbonlinev2/domain/common/ResponseResult.java, className : T, we cannot found more information of it, you've better to make it a JavaBean
四月 28, 2021 7:44:16 下午 io.github.yedaxia.apidocs.LogUtils info
信息: info: we think T should not be an enum type
四月 28, 2021 7:44:16 下午 io.github.yedaxia.apidocs.LogUtils warn
警告: warning!! Cannot find java file , in java file : /Users/mc/WorkProject/pcb-online-v2/src/main/java/com/jugu/www/pcbonlinev2/domain/common/ResponseResult.java, className : T, we cannot found more information of it, you've better to make it a JavaBean
四月 28, 2021 7:44:16 下午 io.github.yedaxia.apidocs.LogUtils info
信息: info: success to parse controller file : UserController.java
四月 28, 2021 7:44:16 下午 io.github.yedaxia.apidocs.LogUtils info
信息: info: start to parse controller file : BusinessUserController.java
四月 28, 2021 7:44:16 下午 io.github.yedaxia.apidocs.LogUtils info
信息: info: we think T should not be an enum type
四月 28, 2021 7:44:16 下午 io.github.yedaxia.apidocs.LogUtils warn
警告: warning!! Cannot find java file , in java file : /Users/mc/WorkProject/pcb-online-v2/src/main/java/com/jugu/www/pcbonlinev2/domain/common/ResponseResult.java, className : T, we cannot found more information of it, you've better to make it a JavaBean
四月 28, 2021 7:44:16 下午 io.github.yedaxia.apidocs.LogUtils info
信息: info: success to parse controller file : BusinessUserController.java
四月 28, 2021 7:44:16 下午 io.github.yedaxia.apidocs.LogUtils info
信息: info: generate api docs start...
四月 28, 2021 7:44:16 下午 io.github.yedaxia.apidocs.LogUtils info
信息: info: start to generate docs for controller file : /Users/mc/WorkProject/pcb-online-v2/src/main/java/com/jugu/www/pcbonlinev2/controller/OrderController.java
四月 28, 2021 7:44:17 下午 io.github.yedaxia.apidocs.LogUtils info
信息: info: success to generate docs for controller file : /Users/mc/WorkProject/pcb-online-v2/src/main/java/com/jugu/www/pcbonlinev2/controller/OrderController.java
四月 28, 2021 7:44:17 下午 io.github.yedaxia.apidocs.LogUtils info
信息: info: start to generate docs for controller file : /Users/mc/WorkProject/pcb-online-v2/src/main/java/com/jugu/www/pcbonlinev2/controller/ArticleHelpController.java
四月 28, 2021 7:44:17 下午 io.github.yedaxia.apidocs.LogUtils info
信息: info: success to generate docs for controller file : /Users/mc/WorkProject/pcb-online-v2/src/main/java/com/jugu/www/pcbonlinev2/controller/ArticleHelpController.java
四月 28, 2021 7:44:17 下午 io.github.yedaxia.apidocs.LogUtils info
信息: info: start to generate docs for controller file : /Users/mc/WorkProject/pcb-online-v2/src/main/java/com/jugu/www/pcbonlinev2/controller/GraphsStatController.java
四月 28, 2021 7:44:17 下午 io.github.yedaxia.apidocs.LogUtils info
信息: info: success to generate docs for controller file : /Users/mc/WorkProject/pcb-online-v2/src/main/java/com/jugu/www/pcbonlinev2/controller/GraphsStatController.java
四月 28, 2021 7:44:17 下午 io.github.yedaxia.apidocs.LogUtils info
信息: info: start to generate docs for controller file : /Users/mc/WorkProject/pcb-online-v2/src/main/java/com/jugu/www/pcbonlinev2/controller/MessageController.java
四月 28, 2021 7:44:17 下午 io.github.yedaxia.apidocs.LogUtils info
信息: info: success to generate docs for controller file : /Users/mc/WorkProject/pcb-online-v2/src/main/java/com/jugu/www/pcbonlinev2/controller/MessageController.java
四月 28, 2021 7:44:17 下午 io.github.yedaxia.apidocs.LogUtils info
信息: info: start to generate docs for controller file : /Users/mc/WorkProject/pcb-online-v2/src/main/java/com/jugu/www/pcbonlinev2/controller/AuthController.java
四月 28, 2021 7:44:17 下午 io.github.yedaxia.apidocs.LogUtils info
信息: info: success to generate docs for controller file : /Users/mc/WorkProject/pcb-online-v2/src/main/java/com/jugu/www/pcbonlinev2/controller/AuthController.java
四月 28, 2021 7:44:17 下午 io.github.yedaxia.apidocs.LogUtils info
信息: info: start to generate docs for controller file : /Users/mc/WorkProject/pcb-online-v2/src/main/java/com/jugu/www/pcbonlinev2/controller/CouponController.java
四月 28, 2021 7:44:17 下午 io.github.yedaxia.apidocs.LogUtils info
信息: info: success to generate docs for controller file : /Users/mc/WorkProject/pcb-online-v2/src/main/java/com/jugu/www/pcbonlinev2/controller/CouponController.java
四月 28, 2021 7:44:17 下午 io.github.yedaxia.apidocs.LogUtils info
信息: info: start to generate docs for controller file : /Users/mc/WorkProject/pcb-online-v2/src/main/java/com/jugu/www/pcbonlinev2/controller/ProductionLogController.java
四月 28, 2021 7:44:17 下午 io.github.yedaxia.apidocs.LogUtils info
信息: info: success to generate docs for controller file : /Users/mc/WorkProject/pcb-online-v2/src/main/java/com/jugu/www/pcbonlinev2/controller/ProductionLogController.java
四月 28, 2021 7:44:17 下午 io.github.yedaxia.apidocs.LogUtils info
信息: info: start to generate docs for controller file : /Users/mc/WorkProject/pcb-online-v2/src/main/java/com/jugu/www/pcbonlinev2/controller/FileController.java
四月 28, 2021 7:44:17 下午 io.github.yedaxia.apidocs.LogUtils info
信息: info: success to generate docs for controller file : /Users/mc/WorkProject/pcb-online-v2/src/main/java/com/jugu/www/pcbonlinev2/controller/FileController.java
四月 28, 2021 7:44:17 下午 io.github.yedaxia.apidocs.LogUtils info
信息: info: start to generate docs for controller file : /Users/mc/WorkProject/pcb-online-v2/src/main/java/com/jugu/www/pcbonlinev2/controller/CountryController.java
四月 28, 2021 7:44:17 下午 io.github.yedaxia.apidocs.LogUtils info
信息: info: success to generate docs for controller file : /Users/mc/WorkProject/pcb-online-v2/src/main/java/com/jugu/www/pcbonlinev2/controller/CountryController.java
四月 28, 2021 7:44:17 下午 io.github.yedaxia.apidocs.LogUtils info
信息: info: start to generate docs for controller file : /Users/mc/WorkProject/pcb-online-v2/src/main/java/com/jugu/www/pcbonlinev2/controller/QuoteController.java
四月 28, 2021 7:44:17 下午 io.github.yedaxia.apidocs.LogUtils info
信息: info: success to generate docs for controller file : /Users/mc/WorkProject/pcb-online-v2/src/main/java/com/jugu/www/pcbonlinev2/controller/QuoteController.java
四月 28, 2021 7:44:17 下午 io.github.yedaxia.apidocs.LogUtils info
信息: info: start to generate docs for controller file : /Users/mc/WorkProject/pcb-online-v2/src/main/java/com/jugu/www/pcbonlinev2/controller/ReceiverAddersController.java
四月 28, 2021 7:44:18 下午 io.github.yedaxia.apidocs.LogUtils info
信息: info: success to generate docs for controller file : /Users/mc/WorkProject/pcb-online-v2/src/main/java/com/jugu/www/pcbonlinev2/controller/ReceiverAddersController.java
四月 28, 2021 7:44:18 下午 io.github.yedaxia.apidocs.LogUtils info
信息: info: start to generate docs for controller file : /Users/mc/WorkProject/pcb-online-v2/src/main/java/com/jugu/www/pcbonlinev2/controller/UserController.java
四月 28, 2021 7:44:18 下午 io.github.yedaxia.apidocs.LogUtils info
信息: info: success to generate docs for controller file : /Users/mc/WorkProject/pcb-online-v2/src/main/java/com/jugu/www/pcbonlinev2/controller/UserController.java
四月 28, 2021 7:44:18 下午 io.github.yedaxia.apidocs.LogUtils info
信息: info: start to generate docs for controller file : /Users/mc/WorkProject/pcb-online-v2/src/main/java/com/jugu/www/pcbonlinev2/controller/BusinessUserController.java
四月 28, 2021 7:44:18 下午 io.github.yedaxia.apidocs.LogUtils info
信息: info: success to generate docs for controller file : /Users/mc/WorkProject/pcb-online-v2/src/main/java/com/jugu/www/pcbonlinev2/controller/BusinessUserController.java
四月 28, 2021 7:44:18 下午 io.github.yedaxia.apidocs.LogUtils info
信息: info: generate index start !!!
四月 28, 2021 7:44:18 下午 io.github.yedaxia.apidocs.LogUtils info
信息: info: generate index done !!!
四月 28, 2021 7:44:18 下午 io.github.yedaxia.apidocs.LogUtils info
信息: info: generate api docs done !!!
