2020-07-16 11:05:26 [restartedMain] INFO  c.j.w.p.PcbOnlineV2Application : 
 Starting PcbOnlineV2Application on mcdeiMac.local with PID 9493 (/Users/mc/WorkProject/pcb-online-v2/target/classes started by zl in /Users/mc/WorkProject/pcb-online-v2) 
2020-07-16 11:05:26 [restartedMain] INFO  c.j.w.p.PcbOnlineV2Application : 
 No active profile set, falling back to default profiles: default 
2020-07-16 11:05:53 [restartedMain] INFO  c.j.w.p.PcbOnlineV2Application : 
 Started PcbOnlineV2Application in 47.572 seconds (JVM running for 53.575) 
2020-07-16 11:06:41 [http-nio-8877-exec-1] INFO  c.j.w.p.filter.JwtTokenFilter : 
 获取header的token===>【null】 
2020-07-16 11:06:41 [http-nio-8877-exec-1] INFO  c.j.w.p.filter.JwtTokenFilter : 
 获取header的token===>【null】 
2020-07-16 11:06:42 [http-nio-8877-exec-2] INFO  c.j.w.p.filter.JwtTokenFilter : 
 获取header的token===>【null】 
2020-07-16 11:06:42 [http-nio-8877-exec-2] INFO  c.j.w.p.filter.JwtTokenFilter : 
 获取header的token===>【null】 
2020-07-16 11:06:42 [http-nio-8877-exec-3] INFO  c.j.w.p.filter.JwtTokenFilter : 
 获取header的token===>【null】 
2020-07-16 11:06:42 [http-nio-8877-exec-4] INFO  c.j.w.p.filter.JwtTokenFilter : 
 获取header的token===>【null】 
2020-07-16 11:06:42 [http-nio-8877-exec-3] INFO  c.j.w.p.filter.JwtTokenFilter : 
 获取header的token===>【null】 
2020-07-16 11:06:42 [http-nio-8877-exec-4] INFO  c.j.w.p.filter.JwtTokenFilter : 
 获取header的token===>【null】 
2020-07-16 11:06:44 [http-nio-8877-exec-5] INFO  c.j.w.p.filter.JwtTokenFilter : 
 获取header的token===>【null】 
2020-07-16 11:06:44 [http-nio-8877-exec-5] INFO  c.j.w.p.filter.JwtTokenFilter : 
 获取header的token===>【null】 
2020-07-16 11:06:44 [http-nio-8877-exec-6] INFO  c.j.w.p.filter.JwtTokenFilter : 
 获取header的token===>【null】 
2020-07-16 11:06:44 [http-nio-8877-exec-6] INFO  c.j.w.p.filter.JwtTokenFilter : 
 获取header的token===>【null】 
2020-07-16 11:06:44 [http-nio-8877-exec-7] INFO  c.j.w.p.filter.JwtTokenFilter : 
 获取header的token===>【null】 
2020-07-16 11:06:44 [http-nio-8877-exec-7] INFO  c.j.w.p.filter.JwtTokenFilter : 
 获取header的token===>【null】 
2020-07-16 11:06:44 [http-nio-8877-exec-8] INFO  c.j.w.p.filter.JwtTokenFilter : 
 获取header的token===>【null】 
2020-07-16 11:06:44 [http-nio-8877-exec-8] INFO  c.j.w.p.filter.JwtTokenFilter : 
 获取header的token===>【null】 
2020-07-16 11:06:44 [http-nio-8877-exec-9] INFO  c.j.w.p.filter.JwtTokenFilter : 
 获取header的token===>【null】 
2020-07-16 11:06:44 [http-nio-8877-exec-9] INFO  c.j.w.p.filter.JwtTokenFilter : 
 获取header的token===>【null】 
2020-07-16 11:06:44 [http-nio-8877-exec-10] INFO  c.j.w.p.filter.JwtTokenFilter : 
 获取header的token===>【null】 
2020-07-16 11:06:44 [http-nio-8877-exec-10] INFO  c.j.w.p.filter.JwtTokenFilter : 
 获取header的token===>【null】 
2020-07-16 11:06:44 [http-nio-8877-exec-1] INFO  c.j.w.p.filter.JwtTokenFilter : 
 获取header的token===>【null】 
2020-07-16 11:06:44 [http-nio-8877-exec-1] INFO  c.j.w.p.filter.JwtTokenFilter : 
 获取header的token===>【null】 
2020-07-16 11:06:45 [http-nio-8877-exec-2] INFO  c.j.w.p.filter.JwtTokenFilter : 
 获取header的token===>【null】 
2020-07-16 11:06:45 [http-nio-8877-exec-3] INFO  c.j.w.p.filter.JwtTokenFilter : 
 获取header的token===>【null】 
2020-07-16 11:06:45 [http-nio-8877-exec-4] INFO  c.j.w.p.filter.JwtTokenFilter : 
 获取header的token===>【null】 
2020-07-16 11:06:45 [http-nio-8877-exec-2] INFO  c.j.w.p.filter.JwtTokenFilter : 
 获取header的token===>【null】 
2020-07-16 11:06:45 [http-nio-8877-exec-3] INFO  c.j.w.p.filter.JwtTokenFilter : 
 获取header的token===>【null】 
2020-07-16 11:06:45 [http-nio-8877-exec-4] INFO  c.j.w.p.filter.JwtTokenFilter : 
 获取header的token===>【null】 
2020-07-16 11:06:47 [http-nio-8877-exec-5] INFO  c.j.w.p.filter.JwtTokenFilter : 
 获取header的token===>【null】 
2020-07-16 11:06:47 [http-nio-8877-exec-5] INFO  c.j.w.p.filter.JwtTokenFilter : 
 获取header的token===>【null】 
2020-07-16 11:06:48 [http-nio-8877-exec-6] INFO  c.j.w.p.filter.JwtTokenFilter : 
 获取header的token===>【null】 
2020-07-16 11:06:48 [http-nio-8877-exec-6] INFO  c.j.w.p.filter.JwtTokenFilter : 
 获取header的token===>【null】 
2020-07-16 11:07:36 [http-nio-8877-exec-7] INFO  c.j.w.p.filter.JwtTokenFilter : 
 获取header的token===>【null】 
2020-07-16 11:07:36 [http-nio-8877-exec-7] INFO  c.j.w.p.filter.JwtTokenFilter : 
 获取header的token===>【null】 
2020-07-16 11:16:32 [restartedMain] INFO  c.j.w.p.PcbOnlineV2Application : 
 Starting PcbOnlineV2Application on mcdeiMac.local with PID 9519 (/Users/mc/WorkProject/pcb-online-v2/target/classes started by zl in /Users/mc/WorkProject/pcb-online-v2) 
2020-07-16 11:16:32 [restartedMain] INFO  c.j.w.p.PcbOnlineV2Application : 
 No active profile set, falling back to default profiles: default 
2020-07-16 11:16:59 [restartedMain] INFO  c.j.w.p.PcbOnlineV2Application : 
 Started PcbOnlineV2Application in 47.3 seconds (JVM running for 53.177) 
2020-07-16 11:17:26 [http-nio-8877-exec-1] INFO  c.j.w.p.filter.JwtTokenFilter : 
 获取header的token===>【null】 
2020-07-16 11:17:26 [http-nio-8877-exec-1] INFO  c.j.w.p.filter.JwtTokenFilter : 
 获取header的token===>【null】 
2020-07-16 11:17:27 [http-nio-8877-exec-2] INFO  c.j.w.p.filter.JwtTokenFilter : 
 获取header的token===>【null】 
2020-07-16 11:17:27 [http-nio-8877-exec-2] INFO  c.j.w.p.filter.JwtTokenFilter : 
 获取header的token===>【null】 
2020-07-16 11:17:27 [http-nio-8877-exec-3] INFO  c.j.w.p.filter.JwtTokenFilter : 
 获取header的token===>【null】 
2020-07-16 11:17:27 [http-nio-8877-exec-3] INFO  c.j.w.p.filter.JwtTokenFilter : 
 获取header的token===>【null】 
2020-07-16 11:17:28 [http-nio-8877-exec-4] INFO  c.j.w.p.filter.JwtTokenFilter : 
 获取header的token===>【null】 
2020-07-16 11:17:28 [http-nio-8877-exec-4] INFO  c.j.w.p.filter.JwtTokenFilter : 
 获取header的token===>【null】 
2020-07-16 11:17:29 [http-nio-8877-exec-5] INFO  c.j.w.p.filter.JwtTokenFilter : 
 获取header的token===>【null】 
2020-07-16 11:17:29 [http-nio-8877-exec-5] INFO  c.j.w.p.filter.JwtTokenFilter : 
 获取header的token===>【null】 
2020-07-16 11:17:29 [http-nio-8877-exec-6] INFO  c.j.w.p.filter.JwtTokenFilter : 
 获取header的token===>【null】 
2020-07-16 11:17:29 [http-nio-8877-exec-6] INFO  c.j.w.p.filter.JwtTokenFilter : 
 获取header的token===>【null】 
2020-07-16 11:17:29 [http-nio-8877-exec-7] INFO  c.j.w.p.filter.JwtTokenFilter : 
 获取header的token===>【null】 
2020-07-16 11:17:29 [http-nio-8877-exec-7] INFO  c.j.w.p.filter.JwtTokenFilter : 
 获取header的token===>【null】 
2020-07-16 11:17:29 [http-nio-8877-exec-8] INFO  c.j.w.p.filter.JwtTokenFilter : 
 获取header的token===>【null】 
2020-07-16 11:17:29 [http-nio-8877-exec-8] INFO  c.j.w.p.filter.JwtTokenFilter : 
 获取header的token===>【null】 
2020-07-16 11:17:29 [http-nio-8877-exec-9] INFO  c.j.w.p.filter.JwtTokenFilter : 
 获取header的token===>【null】 
2020-07-16 11:17:29 [http-nio-8877-exec-9] INFO  c.j.w.p.filter.JwtTokenFilter : 
 获取header的token===>【null】 
2020-07-16 11:17:29 [http-nio-8877-exec-10] INFO  c.j.w.p.filter.JwtTokenFilter : 
 获取header的token===>【null】 
2020-07-16 11:17:29 [http-nio-8877-exec-10] INFO  c.j.w.p.filter.JwtTokenFilter : 
 获取header的token===>【null】 
2020-07-16 11:17:29 [http-nio-8877-exec-1] INFO  c.j.w.p.filter.JwtTokenFilter : 
 获取header的token===>【null】 
2020-07-16 11:17:29 [http-nio-8877-exec-1] INFO  c.j.w.p.filter.JwtTokenFilter : 
 获取header的token===>【null】 
2020-07-16 11:17:29 [http-nio-8877-exec-3] INFO  c.j.w.p.filter.JwtTokenFilter : 
 获取header的token===>【null】 
2020-07-16 11:17:29 [http-nio-8877-exec-3] INFO  c.j.w.p.filter.JwtTokenFilter : 
 获取header的token===>【null】 
2020-07-16 11:17:30 [http-nio-8877-exec-4] INFO  c.j.w.p.filter.JwtTokenFilter : 
 获取header的token===>【null】 
2020-07-16 11:17:30 [http-nio-8877-exec-6] INFO  c.j.w.p.filter.JwtTokenFilter : 
 获取header的token===>【null】 
2020-07-16 11:17:30 [http-nio-8877-exec-2] INFO  c.j.w.p.filter.JwtTokenFilter : 
 获取header的token===>【null】 
2020-07-16 11:17:30 [http-nio-8877-exec-4] INFO  c.j.w.p.filter.JwtTokenFilter : 
 获取header的token===>【null】 
2020-07-16 11:17:30 [http-nio-8877-exec-2] INFO  c.j.w.p.filter.JwtTokenFilter : 
 获取header的token===>【null】 
2020-07-16 11:17:30 [http-nio-8877-exec-6] INFO  c.j.w.p.filter.JwtTokenFilter : 
 获取header的token===>【null】 
2020-07-16 11:17:31 [http-nio-8877-exec-5] INFO  c.j.w.p.filter.JwtTokenFilter : 
 获取header的token===>【null】 
2020-07-16 11:17:31 [http-nio-8877-exec-5] INFO  c.j.w.p.filter.JwtTokenFilter : 
 获取header的token===>【null】 
2020-07-16 11:17:35 [http-nio-8877-exec-7] INFO  c.j.w.p.filter.JwtTokenFilter : 
 获取header的token===>【null】 
2020-07-16 11:17:35 [http-nio-8877-exec-7] INFO  c.j.w.p.filter.JwtTokenFilter : 
 获取header的token===>【null】 
2020-07-16 11:24:41 [http-nio-8877-exec-3] INFO  c.j.w.p.filter.JwtTokenFilter : 
 获取header的token===>【null】 
2020-07-16 11:24:41 [http-nio-8877-exec-3] INFO  c.j.w.p.filter.JwtTokenFilter : 
 获取header的token===>【null】 
2020-07-16 17:29:08 [restartedMain] INFO  c.j.w.p.PcbOnlineV2Application : 
 Starting PcbOnlineV2Application on mcdeiMac.local with PID 10494 (/Users/mc/WorkProject/pcb-online-v2/target/classes started by zl in /Users/mc/WorkProject/pcb-online-v2) 
2020-07-16 17:29:08 [restartedMain] INFO  c.j.w.p.PcbOnlineV2Application : 
 No active profile set, falling back to default profiles: default 
2020-07-16 17:29:33 [restartedMain] INFO  c.j.w.p.PcbOnlineV2Application : 
 Started PcbOnlineV2Application in 45.993 seconds (JVM running for 52.992) 
2020-07-16 17:29:40 [http-nio-8877-exec-1] INFO  c.j.w.p.filter.JwtTokenFilter : 
 获取header的token===>【null】 
2020-07-16 17:29:40 [http-nio-8877-exec-1] INFO  c.j.w.p.filter.JwtTokenFilter : 
 获取header的token===>【null】 
2020-07-16 17:29:41 [http-nio-8877-exec-2] INFO  c.j.w.p.filter.JwtTokenFilter : 
 获取header的token===>【null】 
2020-07-16 17:29:41 [http-nio-8877-exec-2] INFO  c.j.w.p.filter.JwtTokenFilter : 
 获取header的token===>【null】 
2020-07-16 17:29:42 [http-nio-8877-exec-3] INFO  c.j.w.p.filter.JwtTokenFilter : 
 获取header的token===>【null】 
2020-07-16 17:29:42 [http-nio-8877-exec-4] INFO  c.j.w.p.filter.JwtTokenFilter : 
 获取header的token===>【null】 
2020-07-16 17:29:42 [http-nio-8877-exec-3] INFO  c.j.w.p.filter.JwtTokenFilter : 
 获取header的token===>【null】 
2020-07-16 17:29:42 [http-nio-8877-exec-4] INFO  c.j.w.p.filter.JwtTokenFilter : 
 获取header的token===>【null】 
2020-07-16 17:29:43 [http-nio-8877-exec-5] INFO  c.j.w.p.filter.JwtTokenFilter : 
 获取header的token===>【null】 
2020-07-16 17:29:43 [http-nio-8877-exec-5] INFO  c.j.w.p.filter.JwtTokenFilter : 
 获取header的token===>【null】 
2020-07-16 17:29:43 [http-nio-8877-exec-6] INFO  c.j.w.p.filter.JwtTokenFilter : 
 获取header的token===>【null】 
2020-07-16 17:29:43 [http-nio-8877-exec-6] INFO  c.j.w.p.filter.JwtTokenFilter : 
 获取header的token===>【null】 
2020-07-16 17:29:43 [http-nio-8877-exec-7] INFO  c.j.w.p.filter.JwtTokenFilter : 
 获取header的token===>【null】 
2020-07-16 17:29:43 [http-nio-8877-exec-7] INFO  c.j.w.p.filter.JwtTokenFilter : 
 获取header的token===>【null】 
2020-07-16 17:29:43 [http-nio-8877-exec-8] INFO  c.j.w.p.filter.JwtTokenFilter : 
 获取header的token===>【null】 
2020-07-16 17:29:43 [http-nio-8877-exec-8] INFO  c.j.w.p.filter.JwtTokenFilter : 
 获取header的token===>【null】 
2020-07-16 17:29:43 [http-nio-8877-exec-9] INFO  c.j.w.p.filter.JwtTokenFilter : 
 获取header的token===>【null】 
2020-07-16 17:29:43 [http-nio-8877-exec-10] INFO  c.j.w.p.filter.JwtTokenFilter : 
 获取header的token===>【null】 
2020-07-16 17:29:43 [http-nio-8877-exec-9] INFO  c.j.w.p.filter.JwtTokenFilter : 
 获取header的token===>【null】 
2020-07-16 17:29:43 [http-nio-8877-exec-10] INFO  c.j.w.p.filter.JwtTokenFilter : 
 获取header的token===>【null】 
2020-07-16 17:29:43 [http-nio-8877-exec-1] INFO  c.j.w.p.filter.JwtTokenFilter : 
 获取header的token===>【null】 
2020-07-16 17:29:43 [http-nio-8877-exec-1] INFO  c.j.w.p.filter.JwtTokenFilter : 
 获取header的token===>【null】 
2020-07-16 17:29:43 [http-nio-8877-exec-2] INFO  c.j.w.p.filter.JwtTokenFilter : 
 获取header的token===>【null】 
2020-07-16 17:29:43 [http-nio-8877-exec-2] INFO  c.j.w.p.filter.JwtTokenFilter : 
 获取header的token===>【null】 
2020-07-16 17:29:45 [http-nio-8877-exec-4] INFO  c.j.w.p.filter.JwtTokenFilter : 
 获取header的token===>【null】 
2020-07-16 17:29:45 [http-nio-8877-exec-4] INFO  c.j.w.p.filter.JwtTokenFilter : 
 获取header的token===>【null】 
2020-07-16 17:29:45 [http-nio-8877-exec-3] INFO  c.j.w.p.filter.JwtTokenFilter : 
 获取header的token===>【null】 
2020-07-16 17:29:45 [http-nio-8877-exec-3] INFO  c.j.w.p.filter.JwtTokenFilter : 
 获取header的token===>【null】 
2020-07-16 17:29:45 [http-nio-8877-exec-6] INFO  c.j.w.p.filter.JwtTokenFilter : 
 获取header的token===>【null】 
2020-07-16 17:29:45 [http-nio-8877-exec-6] INFO  c.j.w.p.filter.JwtTokenFilter : 
 获取header的token===>【null】 
2020-07-16 17:29:49 [http-nio-8877-exec-5] INFO  c.j.w.p.filter.JwtTokenFilter : 
 获取header的token===>【null】 
2020-07-16 17:29:49 [http-nio-8877-exec-5] INFO  c.j.w.p.filter.JwtTokenFilter : 
 获取header的token===>【null】 
2020-07-16 17:32:34 [http-nio-8877-exec-1] INFO  c.j.w.p.filter.JwtTokenFilter : 
 获取header的token===>【null】 
2020-07-16 17:32:34 [http-nio-8877-exec-1] INFO  c.j.w.p.filter.JwtTokenFilter : 
 获取header的token===>【null】 
2020-07-16 17:37:03 [restartedMain] INFO  c.j.w.p.PcbOnlineV2Application : 
 Starting PcbOnlineV2Application on mcdeiMac.local with PID 10513 (/Users/mc/WorkProject/pcb-online-v2/target/classes started by zl in /Users/mc/WorkProject/pcb-online-v2) 
2020-07-16 17:37:03 [restartedMain] INFO  c.j.w.p.PcbOnlineV2Application : 
 No active profile set, falling back to default profiles: default 
2020-07-16 17:37:31 [restartedMain] INFO  c.j.w.p.PcbOnlineV2Application : 
 Started PcbOnlineV2Application in 48.597 seconds (JVM running for 55.522) 
2020-07-16 17:37:36 [http-nio-8877-exec-1] INFO  c.j.w.p.filter.JwtTokenFilter : 
 获取header的token===>【null】 
2020-07-16 17:37:36 [http-nio-8877-exec-1] INFO  c.j.w.p.filter.JwtTokenFilter : 
 获取header的token===>【null】 
2020-07-16 17:37:36 [http-nio-8877-exec-2] INFO  c.j.w.p.filter.JwtTokenFilter : 
 获取header的token===>【null】 
2020-07-16 17:37:36 [http-nio-8877-exec-2] INFO  c.j.w.p.filter.JwtTokenFilter : 
 获取header的token===>【null】 
2020-07-16 17:37:37 [http-nio-8877-exec-3] INFO  c.j.w.p.filter.JwtTokenFilter : 
 获取header的token===>【null】 
2020-07-16 17:37:37 [http-nio-8877-exec-4] INFO  c.j.w.p.filter.JwtTokenFilter : 
 获取header的token===>【null】 
2020-07-16 17:37:37 [http-nio-8877-exec-3] INFO  c.j.w.p.filter.JwtTokenFilter : 
 获取header的token===>【null】 
2020-07-16 17:37:37 [http-nio-8877-exec-4] INFO  c.j.w.p.filter.JwtTokenFilter : 
 获取header的token===>【null】 
2020-07-16 17:37:38 [http-nio-8877-exec-5] INFO  c.j.w.p.filter.JwtTokenFilter : 
 获取header的token===>【null】 
2020-07-16 17:37:38 [http-nio-8877-exec-5] INFO  c.j.w.p.filter.JwtTokenFilter : 
 获取header的token===>【null】 
2020-07-16 17:37:38 [http-nio-8877-exec-6] INFO  c.j.w.p.filter.JwtTokenFilter : 
 获取header的token===>【null】 
2020-07-16 17:37:38 [http-nio-8877-exec-6] INFO  c.j.w.p.filter.JwtTokenFilter : 
 获取header的token===>【null】 
2020-07-16 17:37:38 [http-nio-8877-exec-7] INFO  c.j.w.p.filter.JwtTokenFilter : 
 获取header的token===>【null】 
2020-07-16 17:37:38 [http-nio-8877-exec-7] INFO  c.j.w.p.filter.JwtTokenFilter : 
 获取header的token===>【null】 
2020-07-16 17:37:38 [http-nio-8877-exec-8] INFO  c.j.w.p.filter.JwtTokenFilter : 
 获取header的token===>【null】 
2020-07-16 17:37:38 [http-nio-8877-exec-8] INFO  c.j.w.p.filter.JwtTokenFilter : 
 获取header的token===>【null】 
2020-07-16 17:37:38 [http-nio-8877-exec-9] INFO  c.j.w.p.filter.JwtTokenFilter : 
 获取header的token===>【null】 
2020-07-16 17:37:38 [http-nio-8877-exec-10] INFO  c.j.w.p.filter.JwtTokenFilter : 
 获取header的token===>【null】 
2020-07-16 17:37:38 [http-nio-8877-exec-9] INFO  c.j.w.p.filter.JwtTokenFilter : 
 获取header的token===>【null】 
2020-07-16 17:37:38 [http-nio-8877-exec-10] INFO  c.j.w.p.filter.JwtTokenFilter : 
 获取header的token===>【null】 
2020-07-16 17:37:38 [http-nio-8877-exec-1] INFO  c.j.w.p.filter.JwtTokenFilter : 
 获取header的token===>【null】 
2020-07-16 17:37:38 [http-nio-8877-exec-1] INFO  c.j.w.p.filter.JwtTokenFilter : 
 获取header的token===>【null】 
2020-07-16 17:37:38 [http-nio-8877-exec-2] INFO  c.j.w.p.filter.JwtTokenFilter : 
 获取header的token===>【null】 
2020-07-16 17:37:38 [http-nio-8877-exec-2] INFO  c.j.w.p.filter.JwtTokenFilter : 
 获取header的token===>【null】 
2020-07-16 17:37:39 [http-nio-8877-exec-4] INFO  c.j.w.p.filter.JwtTokenFilter : 
 获取header的token===>【null】 
2020-07-16 17:37:39 [http-nio-8877-exec-4] INFO  c.j.w.p.filter.JwtTokenFilter : 
 获取header的token===>【null】 
2020-07-16 17:37:39 [http-nio-8877-exec-3] INFO  c.j.w.p.filter.JwtTokenFilter : 
 获取header的token===>【null】 
2020-07-16 17:37:39 [http-nio-8877-exec-3] INFO  c.j.w.p.filter.JwtTokenFilter : 
 获取header的token===>【null】 
2020-07-16 17:37:39 [http-nio-8877-exec-6] INFO  c.j.w.p.filter.JwtTokenFilter : 
 获取header的token===>【null】 
2020-07-16 17:37:39 [http-nio-8877-exec-6] INFO  c.j.w.p.filter.JwtTokenFilter : 
 获取header的token===>【null】 
2020-07-16 17:37:41 [http-nio-8877-exec-5] INFO  c.j.w.p.filter.JwtTokenFilter : 
 获取header的token===>【null】 
2020-07-16 17:37:41 [http-nio-8877-exec-5] INFO  c.j.w.p.filter.JwtTokenFilter : 
 获取header的token===>【null】 
2020-07-16 17:37:43 [http-nio-8877-exec-7] INFO  c.j.w.p.filter.JwtTokenFilter : 
 获取header的token===>【null】 
2020-07-16 17:37:43 [http-nio-8877-exec-7] INFO  c.j.w.p.filter.JwtTokenFilter : 
 获取header的token===>【null】 
2020-07-16 17:38:05 [http-nio-8877-exec-8] INFO  c.j.w.p.filter.JwtTokenFilter : 
 获取header的token===>【null】 
2020-07-16 17:38:05 [http-nio-8877-exec-8] INFO  c.j.w.p.filter.JwtTokenFilter : 
 获取header的token===>【null】 
2020-07-16 18:08:12 [restartedMain] INFO  c.j.w.p.PcbOnlineV2Application : 
 Starting PcbOnlineV2Application on mcdeiMac.local with PID 10684 (/Users/mc/WorkProject/pcb-online-v2/target/classes started by zl in /Users/mc/WorkProject/pcb-online-v2) 
2020-07-16 18:08:12 [restartedMain] INFO  c.j.w.p.PcbOnlineV2Application : 
 No active profile set, falling back to default profiles: default 
2020-07-16 18:08:38 [restartedMain] INFO  c.j.w.p.PcbOnlineV2Application : 
 Started PcbOnlineV2Application in 46.718 seconds (JVM running for 52.742) 
2020-07-16 18:08:44 [http-nio-8877-exec-1] INFO  c.j.w.p.filter.JwtTokenFilter : 
 获取header的token===>【null】 
2020-07-16 18:08:44 [http-nio-8877-exec-1] INFO  c.j.w.p.filter.JwtTokenFilter : 
 获取header的token===>【null】 
2020-07-16 18:08:45 [http-nio-8877-exec-2] INFO  c.j.w.p.filter.JwtTokenFilter : 
 获取header的token===>【null】 
2020-07-16 18:08:45 [http-nio-8877-exec-2] INFO  c.j.w.p.filter.JwtTokenFilter : 
 获取header的token===>【null】 
2020-07-16 18:08:45 [http-nio-8877-exec-3] INFO  c.j.w.p.filter.JwtTokenFilter : 
 获取header的token===>【null】 
2020-07-16 18:08:45 [http-nio-8877-exec-3] INFO  c.j.w.p.filter.JwtTokenFilter : 
 获取header的token===>【null】 
2020-07-16 18:08:45 [http-nio-8877-exec-4] INFO  c.j.w.p.filter.JwtTokenFilter : 
 获取header的token===>【null】 
2020-07-16 18:08:45 [http-nio-8877-exec-4] INFO  c.j.w.p.filter.JwtTokenFilter : 
 获取header的token===>【null】 
2020-07-16 18:08:46 [http-nio-8877-exec-5] INFO  c.j.w.p.filter.JwtTokenFilter : 
 获取header的token===>【null】 
2020-07-16 18:08:46 [http-nio-8877-exec-5] INFO  c.j.w.p.filter.JwtTokenFilter : 
 获取header的token===>【null】 
2020-07-16 18:08:46 [http-nio-8877-exec-6] INFO  c.j.w.p.filter.JwtTokenFilter : 
 获取header的token===>【null】 
2020-07-16 18:08:46 [http-nio-8877-exec-6] INFO  c.j.w.p.filter.JwtTokenFilter : 
 获取header的token===>【null】 
2020-07-16 18:08:46 [http-nio-8877-exec-7] INFO  c.j.w.p.filter.JwtTokenFilter : 
 获取header的token===>【null】 
2020-07-16 18:08:46 [http-nio-8877-exec-7] INFO  c.j.w.p.filter.JwtTokenFilter : 
 获取header的token===>【null】 
2020-07-16 18:08:46 [http-nio-8877-exec-8] INFO  c.j.w.p.filter.JwtTokenFilter : 
 获取header的token===>【null】 
2020-07-16 18:08:46 [http-nio-8877-exec-8] INFO  c.j.w.p.filter.JwtTokenFilter : 
 获取header的token===>【null】 
2020-07-16 18:08:46 [http-nio-8877-exec-9] INFO  c.j.w.p.filter.JwtTokenFilter : 
 获取header的token===>【null】 
2020-07-16 18:08:46 [http-nio-8877-exec-9] INFO  c.j.w.p.filter.JwtTokenFilter : 
 获取header的token===>【null】 
2020-07-16 18:08:46 [http-nio-8877-exec-10] INFO  c.j.w.p.filter.JwtTokenFilter : 
 获取header的token===>【null】 
2020-07-16 18:08:46 [http-nio-8877-exec-10] INFO  c.j.w.p.filter.JwtTokenFilter : 
 获取header的token===>【null】 
2020-07-16 18:08:46 [http-nio-8877-exec-1] INFO  c.j.w.p.filter.JwtTokenFilter : 
 获取header的token===>【null】 
2020-07-16 18:08:46 [http-nio-8877-exec-1] INFO  c.j.w.p.filter.JwtTokenFilter : 
 获取header的token===>【null】 
2020-07-16 18:08:46 [http-nio-8877-exec-2] INFO  c.j.w.p.filter.JwtTokenFilter : 
 获取header的token===>【null】 
2020-07-16 18:08:46 [http-nio-8877-exec-2] INFO  c.j.w.p.filter.JwtTokenFilter : 
 获取header的token===>【null】 
2020-07-16 18:08:47 [http-nio-8877-exec-4] INFO  c.j.w.p.filter.JwtTokenFilter : 
 获取header的token===>【null】 
2020-07-16 18:08:47 [http-nio-8877-exec-4] INFO  c.j.w.p.filter.JwtTokenFilter : 
 获取header的token===>【null】 
2020-07-16 18:08:47 [http-nio-8877-exec-3] INFO  c.j.w.p.filter.JwtTokenFilter : 
 获取header的token===>【null】 
2020-07-16 18:08:47 [http-nio-8877-exec-3] INFO  c.j.w.p.filter.JwtTokenFilter : 
 获取header的token===>【null】 
2020-07-16 18:08:47 [http-nio-8877-exec-6] INFO  c.j.w.p.filter.JwtTokenFilter : 
 获取header的token===>【null】 
2020-07-16 18:08:47 [http-nio-8877-exec-6] INFO  c.j.w.p.filter.JwtTokenFilter : 
 获取header的token===>【null】 
2020-07-16 18:08:57 [http-nio-8877-exec-5] INFO  c.j.w.p.filter.JwtTokenFilter : 
 获取header的token===>【null】 
2020-07-16 18:08:57 [http-nio-8877-exec-5] INFO  c.j.w.p.filter.JwtTokenFilter : 
 获取header的token===>【null】 
2020-07-16 18:09:01 [http-nio-8877-exec-7] INFO  c.j.w.p.filter.JwtTokenFilter : 
 获取header的token===>【null】 
2020-07-16 18:09:01 [http-nio-8877-exec-7] INFO  c.j.w.p.filter.JwtTokenFilter : 
 获取header的token===>【null】 
2020-07-16 18:10:00 [http-nio-8877-exec-10] INFO  c.j.w.p.filter.JwtTokenFilter : 
 获取header的token===>【null】 
2020-07-16 18:10:00 [http-nio-8877-exec-10] INFO  c.j.w.p.filter.JwtTokenFilter : 
 获取header的token===>【null】 
2020-07-16 18:10:01 [http-nio-8877-exec-1] INFO  c.j.w.p.filter.JwtTokenFilter : 
 获取header的token===>【null】 
2020-07-16 18:10:01 [http-nio-8877-exec-1] INFO  c.j.w.p.filter.JwtTokenFilter : 
 获取header的token===>【null】 
2020-07-16 18:10:01 [http-nio-8877-exec-2] INFO  c.j.w.p.filter.JwtTokenFilter : 
 获取header的token===>【null】 
2020-07-16 18:10:01 [http-nio-8877-exec-9] INFO  c.j.w.p.filter.JwtTokenFilter : 
 获取header的token===>【null】 
2020-07-16 18:10:01 [http-nio-8877-exec-2] INFO  c.j.w.p.filter.JwtTokenFilter : 
 获取header的token===>【null】 
2020-07-16 18:10:01 [http-nio-8877-exec-9] INFO  c.j.w.p.filter.JwtTokenFilter : 
 获取header的token===>【null】 
2020-07-16 18:10:02 [http-nio-8877-exec-4] INFO  c.j.w.p.filter.JwtTokenFilter : 
 获取header的token===>【null】 
2020-07-16 18:10:02 [http-nio-8877-exec-4] INFO  c.j.w.p.filter.JwtTokenFilter : 
 获取header的token===>【null】 
2020-07-16 18:10:02 [http-nio-8877-exec-3] INFO  c.j.w.p.filter.JwtTokenFilter : 
 获取header的token===>【null】 
2020-07-16 18:10:02 [http-nio-8877-exec-3] INFO  c.j.w.p.filter.JwtTokenFilter : 
 获取header的token===>【null】 
2020-07-16 18:10:02 [http-nio-8877-exec-6] INFO  c.j.w.p.filter.JwtTokenFilter : 
 获取header的token===>【null】 
2020-07-16 18:10:02 [http-nio-8877-exec-6] INFO  c.j.w.p.filter.JwtTokenFilter : 
 获取header的token===>【null】 
2020-07-16 18:10:02 [http-nio-8877-exec-5] INFO  c.j.w.p.filter.JwtTokenFilter : 
 获取header的token===>【null】 
2020-07-16 18:10:02 [http-nio-8877-exec-5] INFO  c.j.w.p.filter.JwtTokenFilter : 
 获取header的token===>【null】 
2020-07-16 18:10:02 [http-nio-8877-exec-7] INFO  c.j.w.p.filter.JwtTokenFilter : 
 获取header的token===>【null】 
2020-07-16 18:10:02 [http-nio-8877-exec-7] INFO  c.j.w.p.filter.JwtTokenFilter : 
 获取header的token===>【null】 
2020-07-16 18:10:02 [http-nio-8877-exec-8] INFO  c.j.w.p.filter.JwtTokenFilter : 
 获取header的token===>【null】 
2020-07-16 18:10:02 [http-nio-8877-exec-8] INFO  c.j.w.p.filter.JwtTokenFilter : 
 获取header的token===>【null】 
2020-07-16 18:10:02 [http-nio-8877-exec-10] INFO  c.j.w.p.filter.JwtTokenFilter : 
 获取header的token===>【null】 
2020-07-16 18:10:02 [http-nio-8877-exec-1] INFO  c.j.w.p.filter.JwtTokenFilter : 
 获取header的token===>【null】 
2020-07-16 18:10:02 [http-nio-8877-exec-1] INFO  c.j.w.p.filter.JwtTokenFilter : 
 获取header的token===>【null】 
2020-07-16 18:10:02 [http-nio-8877-exec-10] INFO  c.j.w.p.filter.JwtTokenFilter : 
 获取header的token===>【null】 
2020-07-16 18:10:03 [http-nio-8877-exec-9] INFO  c.j.w.p.filter.JwtTokenFilter : 
 获取header的token===>【null】 
2020-07-16 18:10:03 [http-nio-8877-exec-9] INFO  c.j.w.p.filter.JwtTokenFilter : 
 获取header的token===>【null】 
2020-07-16 18:10:03 [http-nio-8877-exec-2] INFO  c.j.w.p.filter.JwtTokenFilter : 
 获取header的token===>【null】 
2020-07-16 18:10:03 [http-nio-8877-exec-2] INFO  c.j.w.p.filter.JwtTokenFilter : 
 获取header的token===>【null】 
2020-07-16 18:10:03 [http-nio-8877-exec-4] INFO  c.j.w.p.filter.JwtTokenFilter : 
 获取header的token===>【null】 
2020-07-16 18:10:03 [http-nio-8877-exec-4] INFO  c.j.w.p.filter.JwtTokenFilter : 
 获取header的token===>【null】 
2020-07-16 18:10:31 [http-nio-8877-exec-3] INFO  c.j.w.p.filter.JwtTokenFilter : 
 获取header的token===>【null】 
2020-07-16 18:10:31 [http-nio-8877-exec-3] INFO  c.j.w.p.filter.JwtTokenFilter : 
 获取header的token===>【null】 
2020-07-16 18:10:32 [http-nio-8877-exec-6] INFO  c.j.w.p.filter.JwtTokenFilter : 
 获取header的token===>【null】 
2020-07-16 18:10:32 [http-nio-8877-exec-6] INFO  c.j.w.p.filter.JwtTokenFilter : 
 获取header的token===>【null】 
2020-07-16 18:10:32 [http-nio-8877-exec-5] INFO  c.j.w.p.filter.JwtTokenFilter : 
 获取header的token===>【null】 
2020-07-16 18:10:32 [http-nio-8877-exec-8] INFO  c.j.w.p.filter.JwtTokenFilter : 
 获取header的token===>【null】 
2020-07-16 18:10:32 [http-nio-8877-exec-5] INFO  c.j.w.p.filter.JwtTokenFilter : 
 获取header的token===>【null】 
2020-07-16 18:10:32 [http-nio-8877-exec-8] INFO  c.j.w.p.filter.JwtTokenFilter : 
 获取header的token===>【null】 
2020-07-16 18:10:33 [http-nio-8877-exec-10] INFO  c.j.w.p.filter.JwtTokenFilter : 
 获取header的token===>【null】 
2020-07-16 18:10:33 [http-nio-8877-exec-10] INFO  c.j.w.p.filter.JwtTokenFilter : 
 获取header的token===>【null】 
2020-07-16 18:10:33 [http-nio-8877-exec-1] INFO  c.j.w.p.filter.JwtTokenFilter : 
 获取header的token===>【null】 
2020-07-16 18:10:33 [http-nio-8877-exec-1] INFO  c.j.w.p.filter.JwtTokenFilter : 
 获取header的token===>【null】 
2020-07-16 18:10:33 [http-nio-8877-exec-7] INFO  c.j.w.p.filter.JwtTokenFilter : 
 获取header的token===>【null】 
2020-07-16 18:10:33 [http-nio-8877-exec-7] INFO  c.j.w.p.filter.JwtTokenFilter : 
 获取header的token===>【null】 
2020-07-16 18:10:33 [http-nio-8877-exec-9] INFO  c.j.w.p.filter.JwtTokenFilter : 
 获取header的token===>【null】 
2020-07-16 18:10:33 [http-nio-8877-exec-9] INFO  c.j.w.p.filter.JwtTokenFilter : 
 获取header的token===>【null】 
2020-07-16 18:10:33 [http-nio-8877-exec-2] INFO  c.j.w.p.filter.JwtTokenFilter : 
 获取header的token===>【null】 
2020-07-16 18:10:33 [http-nio-8877-exec-2] INFO  c.j.w.p.filter.JwtTokenFilter : 
 获取header的token===>【null】 
2020-07-16 18:10:33 [http-nio-8877-exec-4] INFO  c.j.w.p.filter.JwtTokenFilter : 
 获取header的token===>【null】 
2020-07-16 18:10:33 [http-nio-8877-exec-4] INFO  c.j.w.p.filter.JwtTokenFilter : 
 获取header的token===>【null】 
2020-07-16 18:10:33 [http-nio-8877-exec-3] INFO  c.j.w.p.filter.JwtTokenFilter : 
 获取header的token===>【null】 
2020-07-16 18:10:33 [http-nio-8877-exec-3] INFO  c.j.w.p.filter.JwtTokenFilter : 
 获取header的token===>【null】 
2020-07-16 18:10:33 [http-nio-8877-exec-6] INFO  c.j.w.p.filter.JwtTokenFilter : 
 获取header的token===>【null】 
2020-07-16 18:10:33 [http-nio-8877-exec-6] INFO  c.j.w.p.filter.JwtTokenFilter : 
 获取header的token===>【null】 
2020-07-16 18:10:34 [http-nio-8877-exec-8] INFO  c.j.w.p.filter.JwtTokenFilter : 
 获取header的token===>【null】 
2020-07-16 18:10:34 [http-nio-8877-exec-8] INFO  c.j.w.p.filter.JwtTokenFilter : 
 获取header的token===>【null】 
2020-07-16 18:10:34 [http-nio-8877-exec-5] INFO  c.j.w.p.filter.JwtTokenFilter : 
 获取header的token===>【null】 
2020-07-16 18:10:34 [http-nio-8877-exec-5] INFO  c.j.w.p.filter.JwtTokenFilter : 
 获取header的token===>【null】 
2020-07-16 18:10:34 [http-nio-8877-exec-10] INFO  c.j.w.p.filter.JwtTokenFilter : 
 获取header的token===>【null】 
2020-07-16 18:10:34 [http-nio-8877-exec-10] INFO  c.j.w.p.filter.JwtTokenFilter : 
 获取header的token===>【null】 
2020-07-16 18:13:14 [restartedMain] INFO  c.j.w.p.PcbOnlineV2Application : 
 Starting PcbOnlineV2Application on mcdeiMac.local with PID 10694 (/Users/mc/WorkProject/pcb-online-v2/target/classes started by zl in /Users/mc/WorkProject/pcb-online-v2) 
2020-07-16 18:13:14 [restartedMain] INFO  c.j.w.p.PcbOnlineV2Application : 
 No active profile set, falling back to default profiles: default 
2020-07-16 18:13:40 [restartedMain] INFO  c.j.w.p.PcbOnlineV2Application : 
 Started PcbOnlineV2Application in 46.434 seconds (JVM running for 52.413) 
2020-07-16 18:14:00 [http-nio-8877-exec-1] INFO  c.j.w.p.filter.JwtTokenFilter : 
 获取header的token===>【null】 
2020-07-16 18:14:00 [http-nio-8877-exec-1] INFO  c.j.w.p.filter.JwtTokenFilter : 
 获取header的token===>【null】 
2020-07-16 18:14:01 [http-nio-8877-exec-2] INFO  c.j.w.p.filter.JwtTokenFilter : 
 获取header的token===>【null】 
2020-07-16 18:14:01 [http-nio-8877-exec-2] INFO  c.j.w.p.filter.JwtTokenFilter : 
 获取header的token===>【null】 
2020-07-16 18:14:01 [http-nio-8877-exec-3] INFO  c.j.w.p.filter.JwtTokenFilter : 
 获取header的token===>【null】 
2020-07-16 18:14:01 [http-nio-8877-exec-3] INFO  c.j.w.p.filter.JwtTokenFilter : 
 获取header的token===>【null】 
2020-07-16 18:14:01 [http-nio-8877-exec-4] INFO  c.j.w.p.filter.JwtTokenFilter : 
 获取header的token===>【null】 
2020-07-16 18:14:01 [http-nio-8877-exec-4] INFO  c.j.w.p.filter.JwtTokenFilter : 
 获取header的token===>【null】 
2020-07-16 18:14:02 [http-nio-8877-exec-5] INFO  c.j.w.p.filter.JwtTokenFilter : 
 获取header的token===>【null】 
2020-07-16 18:14:02 [http-nio-8877-exec-5] INFO  c.j.w.p.filter.JwtTokenFilter : 
 获取header的token===>【null】 
2020-07-16 18:14:02 [http-nio-8877-exec-6] INFO  c.j.w.p.filter.JwtTokenFilter : 
 获取header的token===>【null】 
2020-07-16 18:14:02 [http-nio-8877-exec-6] INFO  c.j.w.p.filter.JwtTokenFilter : 
 获取header的token===>【null】 
2020-07-16 18:14:02 [http-nio-8877-exec-7] INFO  c.j.w.p.filter.JwtTokenFilter : 
 获取header的token===>【null】 
2020-07-16 18:14:02 [http-nio-8877-exec-7] INFO  c.j.w.p.filter.JwtTokenFilter : 
 获取header的token===>【null】 
2020-07-16 18:14:02 [http-nio-8877-exec-8] INFO  c.j.w.p.filter.JwtTokenFilter : 
 获取header的token===>【null】 
2020-07-16 18:14:02 [http-nio-8877-exec-8] INFO  c.j.w.p.filter.JwtTokenFilter : 
 获取header的token===>【null】 
2020-07-16 18:14:02 [http-nio-8877-exec-9] INFO  c.j.w.p.filter.JwtTokenFilter : 
 获取header的token===>【null】 
2020-07-16 18:14:02 [http-nio-8877-exec-9] INFO  c.j.w.p.filter.JwtTokenFilter : 
 获取header的token===>【null】 
2020-07-16 18:14:02 [http-nio-8877-exec-10] INFO  c.j.w.p.filter.JwtTokenFilter : 
 获取header的token===>【null】 
2020-07-16 18:14:02 [http-nio-8877-exec-10] INFO  c.j.w.p.filter.JwtTokenFilter : 
 获取header的token===>【null】 
2020-07-16 18:14:03 [http-nio-8877-exec-1] INFO  c.j.w.p.filter.JwtTokenFilter : 
 获取header的token===>【null】 
2020-07-16 18:14:03 [http-nio-8877-exec-1] INFO  c.j.w.p.filter.JwtTokenFilter : 
 获取header的token===>【null】 
2020-07-16 18:14:03 [http-nio-8877-exec-2] INFO  c.j.w.p.filter.JwtTokenFilter : 
 获取header的token===>【null】 
2020-07-16 18:14:03 [http-nio-8877-exec-2] INFO  c.j.w.p.filter.JwtTokenFilter : 
 获取header的token===>【null】 
2020-07-16 18:14:03 [http-nio-8877-exec-4] INFO  c.j.w.p.filter.JwtTokenFilter : 
 获取header的token===>【null】 
2020-07-16 18:14:03 [http-nio-8877-exec-4] INFO  c.j.w.p.filter.JwtTokenFilter : 
 获取header的token===>【null】 
2020-07-16 18:14:03 [http-nio-8877-exec-3] INFO  c.j.w.p.filter.JwtTokenFilter : 
 获取header的token===>【null】 
2020-07-16 18:14:03 [http-nio-8877-exec-3] INFO  c.j.w.p.filter.JwtTokenFilter : 
 获取header的token===>【null】 
2020-07-16 18:14:03 [http-nio-8877-exec-6] INFO  c.j.w.p.filter.JwtTokenFilter : 
 获取header的token===>【null】 
2020-07-16 18:14:03 [http-nio-8877-exec-6] INFO  c.j.w.p.filter.JwtTokenFilter : 
 获取header的token===>【null】 
2020-07-16 18:18:54 [http-nio-8877-exec-8] INFO  c.j.w.p.filter.JwtTokenFilter : 
 获取header的token===>【null】 
2020-07-16 18:18:54 [http-nio-8877-exec-8] INFO  c.j.w.p.filter.JwtTokenFilter : 
 获取header的token===>【null】 
2020-07-16 18:18:55 [http-nio-8877-exec-10] INFO  c.j.w.p.filter.JwtTokenFilter : 
 获取header的token===>【null】 
2020-07-16 18:18:55 [http-nio-8877-exec-10] INFO  c.j.w.p.filter.JwtTokenFilter : 
 获取header的token===>【null】 
2020-07-16 18:18:55 [http-nio-8877-exec-2] INFO  c.j.w.p.filter.JwtTokenFilter : 
 获取header的token===>【null】 
2020-07-16 18:18:55 [http-nio-8877-exec-1] INFO  c.j.w.p.filter.JwtTokenFilter : 
 获取header的token===>【null】 
2020-07-16 18:18:55 [http-nio-8877-exec-1] INFO  c.j.w.p.filter.JwtTokenFilter : 
 获取header的token===>【null】 
2020-07-16 18:18:55 [http-nio-8877-exec-2] INFO  c.j.w.p.filter.JwtTokenFilter : 
 获取header的token===>【null】 
2020-07-16 18:18:56 [http-nio-8877-exec-9] INFO  c.j.w.p.filter.JwtTokenFilter : 
 获取header的token===>【null】 
2020-07-16 18:18:56 [http-nio-8877-exec-9] INFO  c.j.w.p.filter.JwtTokenFilter : 
 获取header的token===>【null】 
2020-07-16 18:18:56 [http-nio-8877-exec-4] INFO  c.j.w.p.filter.JwtTokenFilter : 
 获取header的token===>【null】 
2020-07-16 18:18:56 [http-nio-8877-exec-4] INFO  c.j.w.p.filter.JwtTokenFilter : 
 获取header的token===>【null】 
2020-07-16 18:18:56 [http-nio-8877-exec-3] INFO  c.j.w.p.filter.JwtTokenFilter : 
 获取header的token===>【null】 
2020-07-16 18:18:56 [http-nio-8877-exec-3] INFO  c.j.w.p.filter.JwtTokenFilter : 
 获取header的token===>【null】 
2020-07-16 18:18:56 [http-nio-8877-exec-6] INFO  c.j.w.p.filter.JwtTokenFilter : 
 获取header的token===>【null】 
2020-07-16 18:18:56 [http-nio-8877-exec-6] INFO  c.j.w.p.filter.JwtTokenFilter : 
 获取header的token===>【null】 
2020-07-16 18:18:56 [http-nio-8877-exec-7] INFO  c.j.w.p.filter.JwtTokenFilter : 
 获取header的token===>【null】 
2020-07-16 18:18:56 [http-nio-8877-exec-7] INFO  c.j.w.p.filter.JwtTokenFilter : 
 获取header的token===>【null】 
2020-07-16 18:18:56 [http-nio-8877-exec-5] INFO  c.j.w.p.filter.JwtTokenFilter : 
 获取header的token===>【null】 
2020-07-16 18:18:56 [http-nio-8877-exec-5] INFO  c.j.w.p.filter.JwtTokenFilter : 
 获取header的token===>【null】 
2020-07-16 18:18:56 [http-nio-8877-exec-8] INFO  c.j.w.p.filter.JwtTokenFilter : 
 获取header的token===>【null】 
2020-07-16 18:18:56 [http-nio-8877-exec-8] INFO  c.j.w.p.filter.JwtTokenFilter : 
 获取header的token===>【null】 
2020-07-16 18:18:56 [http-nio-8877-exec-10] INFO  c.j.w.p.filter.JwtTokenFilter : 
 获取header的token===>【null】 
2020-07-16 18:18:56 [http-nio-8877-exec-10] INFO  c.j.w.p.filter.JwtTokenFilter : 
 获取header的token===>【null】 
2020-07-16 18:18:57 [http-nio-8877-exec-2] INFO  c.j.w.p.filter.JwtTokenFilter : 
 获取header的token===>【null】 
2020-07-16 18:18:57 [http-nio-8877-exec-1] INFO  c.j.w.p.filter.JwtTokenFilter : 
 获取header的token===>【null】 
2020-07-16 18:18:57 [http-nio-8877-exec-1] INFO  c.j.w.p.filter.JwtTokenFilter : 
 获取header的token===>【null】 
2020-07-16 18:18:57 [http-nio-8877-exec-2] INFO  c.j.w.p.filter.JwtTokenFilter : 
 获取header的token===>【null】 
2020-07-16 18:18:57 [http-nio-8877-exec-9] INFO  c.j.w.p.filter.JwtTokenFilter : 
 获取header的token===>【null】 
2020-07-16 18:18:57 [http-nio-8877-exec-9] INFO  c.j.w.p.filter.JwtTokenFilter : 
 获取header的token===>【null】 
2020-07-16 18:19:03 [http-nio-8877-exec-4] INFO  c.j.w.p.filter.JwtTokenFilter : 
 获取header的token===>【null】 
2020-07-16 18:19:03 [http-nio-8877-exec-4] INFO  c.j.w.p.filter.JwtTokenFilter : 
 获取header的token===>【null】 
2020-07-16 18:19:04 [http-nio-8877-exec-3] INFO  c.j.w.p.filter.JwtTokenFilter : 
 获取header的token===>【null】 
2020-07-16 18:19:04 [http-nio-8877-exec-3] INFO  c.j.w.p.filter.JwtTokenFilter : 
 获取header的token===>【null】 
2020-07-16 18:19:04 [http-nio-8877-exec-6] INFO  c.j.w.p.filter.JwtTokenFilter : 
 获取header的token===>【null】 
2020-07-16 18:19:04 [http-nio-8877-exec-6] INFO  c.j.w.p.filter.JwtTokenFilter : 
 获取header的token===>【null】 
2020-07-16 18:19:04 [http-nio-8877-exec-5] INFO  c.j.w.p.filter.JwtTokenFilter : 
 获取header的token===>【null】 
2020-07-16 18:19:04 [http-nio-8877-exec-5] INFO  c.j.w.p.filter.JwtTokenFilter : 
 获取header的token===>【null】 
2020-07-16 18:19:05 [http-nio-8877-exec-8] INFO  c.j.w.p.filter.JwtTokenFilter : 
 获取header的token===>【null】 
2020-07-16 18:19:05 [http-nio-8877-exec-8] INFO  c.j.w.p.filter.JwtTokenFilter : 
 获取header的token===>【null】 
2020-07-16 18:19:05 [http-nio-8877-exec-10] INFO  c.j.w.p.filter.JwtTokenFilter : 
 获取header的token===>【null】 
2020-07-16 18:19:05 [http-nio-8877-exec-10] INFO  c.j.w.p.filter.JwtTokenFilter : 
 获取header的token===>【null】 
2020-07-16 18:19:05 [http-nio-8877-exec-7] INFO  c.j.w.p.filter.JwtTokenFilter : 
 获取header的token===>【null】 
2020-07-16 18:19:05 [http-nio-8877-exec-7] INFO  c.j.w.p.filter.JwtTokenFilter : 
 获取header的token===>【null】 
2020-07-16 18:19:05 [http-nio-8877-exec-1] INFO  c.j.w.p.filter.JwtTokenFilter : 
 获取header的token===>【null】 
2020-07-16 18:19:05 [http-nio-8877-exec-1] INFO  c.j.w.p.filter.JwtTokenFilter : 
 获取header的token===>【null】 
2020-07-16 18:19:05 [http-nio-8877-exec-2] INFO  c.j.w.p.filter.JwtTokenFilter : 
 获取header的token===>【null】 
2020-07-16 18:19:05 [http-nio-8877-exec-2] INFO  c.j.w.p.filter.JwtTokenFilter : 
 获取header的token===>【null】 
2020-07-16 18:19:05 [http-nio-8877-exec-9] INFO  c.j.w.p.filter.JwtTokenFilter : 
 获取header的token===>【null】 
2020-07-16 18:19:05 [http-nio-8877-exec-9] INFO  c.j.w.p.filter.JwtTokenFilter : 
 获取header的token===>【null】 
2020-07-16 18:19:05 [http-nio-8877-exec-4] INFO  c.j.w.p.filter.JwtTokenFilter : 
 获取header的token===>【null】 
2020-07-16 18:19:05 [http-nio-8877-exec-4] INFO  c.j.w.p.filter.JwtTokenFilter : 
 获取header的token===>【null】 
2020-07-16 18:19:06 [http-nio-8877-exec-3] INFO  c.j.w.p.filter.JwtTokenFilter : 
 获取header的token===>【null】 
2020-07-16 18:19:06 [http-nio-8877-exec-5] INFO  c.j.w.p.filter.JwtTokenFilter : 
 获取header的token===>【null】 
2020-07-16 18:19:06 [http-nio-8877-exec-3] INFO  c.j.w.p.filter.JwtTokenFilter : 
 获取header的token===>【null】 
2020-07-16 18:19:06 [http-nio-8877-exec-5] INFO  c.j.w.p.filter.JwtTokenFilter : 
 获取header的token===>【null】 
2020-07-16 18:19:06 [http-nio-8877-exec-6] INFO  c.j.w.p.filter.JwtTokenFilter : 
 获取header的token===>【null】 
2020-07-16 18:19:06 [http-nio-8877-exec-6] INFO  c.j.w.p.filter.JwtTokenFilter : 
 获取header的token===>【null】 
2020-07-16 18:19:47 [restartedMain] INFO  c.j.w.p.PcbOnlineV2Application : 
 Starting PcbOnlineV2Application on mcdeiMac.local with PID 10707 (/Users/mc/WorkProject/pcb-online-v2/target/classes started by zl in /Users/mc/WorkProject/pcb-online-v2) 
2020-07-16 18:19:47 [restartedMain] INFO  c.j.w.p.PcbOnlineV2Application : 
 No active profile set, falling back to default profiles: default 
2020-07-16 18:20:13 [restartedMain] INFO  c.j.w.p.PcbOnlineV2Application : 
 Started PcbOnlineV2Application in 46.248 seconds (JVM running for 52.238) 
2020-07-16 18:20:16 [http-nio-8877-exec-1] INFO  c.j.w.p.filter.JwtTokenFilter : 
 获取header的token===>【null】 
2020-07-16 18:20:16 [http-nio-8877-exec-1] INFO  c.j.w.p.filter.JwtTokenFilter : 
 获取header的token===>【null】 
2020-07-16 18:20:17 [http-nio-8877-exec-2] INFO  c.j.w.p.filter.JwtTokenFilter : 
 获取header的token===>【null】 
2020-07-16 18:20:17 [http-nio-8877-exec-2] INFO  c.j.w.p.filter.JwtTokenFilter : 
 获取header的token===>【null】 
2020-07-16 18:20:17 [http-nio-8877-exec-3] INFO  c.j.w.p.filter.JwtTokenFilter : 
 获取header的token===>【null】 
2020-07-16 18:20:17 [http-nio-8877-exec-3] INFO  c.j.w.p.filter.JwtTokenFilter : 
 获取header的token===>【null】 
2020-07-16 18:20:17 [http-nio-8877-exec-4] INFO  c.j.w.p.filter.JwtTokenFilter : 
 获取header的token===>【null】 
2020-07-16 18:20:17 [http-nio-8877-exec-4] INFO  c.j.w.p.filter.JwtTokenFilter : 
 获取header的token===>【null】 
2020-07-16 18:20:19 [http-nio-8877-exec-5] INFO  c.j.w.p.filter.JwtTokenFilter : 
 获取header的token===>【null】 
2020-07-16 18:20:19 [http-nio-8877-exec-5] INFO  c.j.w.p.filter.JwtTokenFilter : 
 获取header的token===>【null】 
2020-07-16 18:20:19 [http-nio-8877-exec-6] INFO  c.j.w.p.filter.JwtTokenFilter : 
 获取header的token===>【null】 
2020-07-16 18:20:19 [http-nio-8877-exec-6] INFO  c.j.w.p.filter.JwtTokenFilter : 
 获取header的token===>【null】 
2020-07-16 18:20:19 [http-nio-8877-exec-7] INFO  c.j.w.p.filter.JwtTokenFilter : 
 获取header的token===>【null】 
2020-07-16 18:20:19 [http-nio-8877-exec-7] INFO  c.j.w.p.filter.JwtTokenFilter : 
 获取header的token===>【null】 
2020-07-16 18:20:19 [http-nio-8877-exec-8] INFO  c.j.w.p.filter.JwtTokenFilter : 
 获取header的token===>【null】 
2020-07-16 18:20:19 [http-nio-8877-exec-8] INFO  c.j.w.p.filter.JwtTokenFilter : 
 获取header的token===>【null】 
2020-07-16 18:20:19 [http-nio-8877-exec-9] INFO  c.j.w.p.filter.JwtTokenFilter : 
 获取header的token===>【null】 
2020-07-16 18:20:19 [http-nio-8877-exec-9] INFO  c.j.w.p.filter.JwtTokenFilter : 
 获取header的token===>【null】 
2020-07-16 18:20:19 [http-nio-8877-exec-10] INFO  c.j.w.p.filter.JwtTokenFilter : 
 获取header的token===>【null】 
2020-07-16 18:20:19 [http-nio-8877-exec-10] INFO  c.j.w.p.filter.JwtTokenFilter : 
 获取header的token===>【null】 
2020-07-16 18:20:19 [http-nio-8877-exec-1] INFO  c.j.w.p.filter.JwtTokenFilter : 
 获取header的token===>【null】 
2020-07-16 18:20:19 [http-nio-8877-exec-1] INFO  c.j.w.p.filter.JwtTokenFilter : 
 获取header的token===>【null】 
2020-07-16 18:20:19 [http-nio-8877-exec-2] INFO  c.j.w.p.filter.JwtTokenFilter : 
 获取header的token===>【null】 
2020-07-16 18:20:19 [http-nio-8877-exec-2] INFO  c.j.w.p.filter.JwtTokenFilter : 
 获取header的token===>【null】 
2020-07-16 18:20:20 [http-nio-8877-exec-4] INFO  c.j.w.p.filter.JwtTokenFilter : 
 获取header的token===>【null】 
2020-07-16 18:20:20 [http-nio-8877-exec-4] INFO  c.j.w.p.filter.JwtTokenFilter : 
 获取header的token===>【null】 
2020-07-16 18:20:20 [http-nio-8877-exec-3] INFO  c.j.w.p.filter.JwtTokenFilter : 
 获取header的token===>【null】 
2020-07-16 18:20:20 [http-nio-8877-exec-3] INFO  c.j.w.p.filter.JwtTokenFilter : 
 获取header的token===>【null】 
2020-07-16 18:20:20 [http-nio-8877-exec-6] INFO  c.j.w.p.filter.JwtTokenFilter : 
 获取header的token===>【null】 
2020-07-16 18:20:20 [http-nio-8877-exec-6] INFO  c.j.w.p.filter.JwtTokenFilter : 
 获取header的token===>【null】 
2020-07-16 18:23:34 [restartedMain] INFO  c.j.w.p.PcbOnlineV2Application : 
 Starting PcbOnlineV2Application on mcdeiMac.local with PID 10715 (/Users/mc/WorkProject/pcb-online-v2/target/classes started by zl in /Users/mc/WorkProject/pcb-online-v2) 
2020-07-16 18:23:34 [restartedMain] INFO  c.j.w.p.PcbOnlineV2Application : 
 No active profile set, falling back to default profiles: default 
2020-07-16 18:24:00 [restartedMain] INFO  c.j.w.p.PcbOnlineV2Application : 
 Started PcbOnlineV2Application in 47.15 seconds (JVM running for 53.119) 
2020-07-16 18:24:07 [http-nio-8877-exec-1] INFO  c.j.w.p.filter.JwtTokenFilter : 
 获取header的token===>【null】 
2020-07-16 18:24:07 [http-nio-8877-exec-1] INFO  c.j.w.p.filter.JwtTokenFilter : 
 获取header的token===>【null】 
2020-07-16 18:24:07 [http-nio-8877-exec-2] INFO  c.j.w.p.filter.JwtTokenFilter : 
 获取header的token===>【null】 
2020-07-16 18:24:07 [http-nio-8877-exec-2] INFO  c.j.w.p.filter.JwtTokenFilter : 
 获取header的token===>【null】 
2020-07-16 18:24:07 [http-nio-8877-exec-3] INFO  c.j.w.p.filter.JwtTokenFilter : 
 获取header的token===>【null】 
2020-07-16 18:24:07 [http-nio-8877-exec-4] INFO  c.j.w.p.filter.JwtTokenFilter : 
 获取header的token===>【null】 
2020-07-16 18:24:07 [http-nio-8877-exec-3] INFO  c.j.w.p.filter.JwtTokenFilter : 
 获取header的token===>【null】 
2020-07-16 18:24:07 [http-nio-8877-exec-4] INFO  c.j.w.p.filter.JwtTokenFilter : 
 获取header的token===>【null】 
2020-07-16 18:24:08 [http-nio-8877-exec-5] INFO  c.j.w.p.filter.JwtTokenFilter : 
 获取header的token===>【null】 
2020-07-16 18:24:08 [http-nio-8877-exec-5] INFO  c.j.w.p.filter.JwtTokenFilter : 
 获取header的token===>【null】 
2020-07-16 18:24:08 [http-nio-8877-exec-6] INFO  c.j.w.p.filter.JwtTokenFilter : 
 获取header的token===>【null】 
2020-07-16 18:24:08 [http-nio-8877-exec-6] INFO  c.j.w.p.filter.JwtTokenFilter : 
 获取header的token===>【null】 
2020-07-16 18:24:09 [http-nio-8877-exec-7] INFO  c.j.w.p.filter.JwtTokenFilter : 
 获取header的token===>【null】 
2020-07-16 18:24:09 [http-nio-8877-exec-7] INFO  c.j.w.p.filter.JwtTokenFilter : 
 获取header的token===>【null】 
2020-07-16 18:24:09 [http-nio-8877-exec-8] INFO  c.j.w.p.filter.JwtTokenFilter : 
 获取header的token===>【null】 
2020-07-16 18:24:09 [http-nio-8877-exec-8] INFO  c.j.w.p.filter.JwtTokenFilter : 
 获取header的token===>【null】 
2020-07-16 18:24:09 [http-nio-8877-exec-9] INFO  c.j.w.p.filter.JwtTokenFilter : 
 获取header的token===>【null】 
2020-07-16 18:24:09 [http-nio-8877-exec-9] INFO  c.j.w.p.filter.JwtTokenFilter : 
 获取header的token===>【null】 
2020-07-16 18:24:09 [http-nio-8877-exec-10] INFO  c.j.w.p.filter.JwtTokenFilter : 
 获取header的token===>【null】 
2020-07-16 18:24:09 [http-nio-8877-exec-10] INFO  c.j.w.p.filter.JwtTokenFilter : 
 获取header的token===>【null】 
2020-07-16 18:24:09 [http-nio-8877-exec-1] INFO  c.j.w.p.filter.JwtTokenFilter : 
 获取header的token===>【null】 
2020-07-16 18:24:09 [http-nio-8877-exec-1] INFO  c.j.w.p.filter.JwtTokenFilter : 
 获取header的token===>【null】 
2020-07-16 18:24:09 [http-nio-8877-exec-2] INFO  c.j.w.p.filter.JwtTokenFilter : 
 获取header的token===>【null】 
2020-07-16 18:24:09 [http-nio-8877-exec-2] INFO  c.j.w.p.filter.JwtTokenFilter : 
 获取header的token===>【null】 
2020-07-16 18:24:10 [http-nio-8877-exec-4] INFO  c.j.w.p.filter.JwtTokenFilter : 
 获取header的token===>【null】 
2020-07-16 18:24:10 [http-nio-8877-exec-4] INFO  c.j.w.p.filter.JwtTokenFilter : 
 获取header的token===>【null】 
2020-07-16 18:24:10 [http-nio-8877-exec-3] INFO  c.j.w.p.filter.JwtTokenFilter : 
 获取header的token===>【null】 
2020-07-16 18:24:10 [http-nio-8877-exec-3] INFO  c.j.w.p.filter.JwtTokenFilter : 
 获取header的token===>【null】 
2020-07-16 18:24:10 [http-nio-8877-exec-6] INFO  c.j.w.p.filter.JwtTokenFilter : 
 获取header的token===>【null】 
2020-07-16 18:24:10 [http-nio-8877-exec-6] INFO  c.j.w.p.filter.JwtTokenFilter : 
 获取header的token===>【null】 
2020-07-16 18:25:11 [http-nio-8877-exec-8] INFO  c.j.w.p.filter.JwtTokenFilter : 
 获取header的token===>【null】 
2020-07-16 18:25:11 [http-nio-8877-exec-8] INFO  c.j.w.p.filter.JwtTokenFilter : 
 获取header的token===>【null】 
2020-07-16 18:25:23 [http-nio-8877-exec-10] INFO  c.j.w.p.filter.JwtTokenFilter : 
 获取header的token===>【null】 
2020-07-16 18:25:23 [http-nio-8877-exec-10] INFO  c.j.w.p.filter.JwtTokenFilter : 
 获取header的token===>【null】 
2020-07-16 18:25:30 [http-nio-8877-exec-1] INFO  c.j.w.p.filter.JwtTokenFilter : 
 获取header的token===>【null】 
2020-07-16 18:25:30 [http-nio-8877-exec-1] INFO  c.j.w.p.filter.JwtTokenFilter : 
 获取header的token===>【null】 
